<?xml version="1.0" encoding="UTF-8"?>
<!-- Generated by org.testng.reporters.JUnitReportReporter -->
<testsuite hostname="Arjuns-MacBook-Air.local" failures="0" tests="1" name="testng.Popuphandle" time="25.144" errors="0" timestamp="2023-10-28T10:42:01 IST" skipped="0">
  <testcase classname="testng.Popuphandle" name="test" time="25.144"/>
  <system-out/>
</testsuite> <!-- testng.Popuphandle -->
