<?xml version="1.0" encoding="UTF-8"?>
<!-- Generated by org.testng.reporters.JUnitReportReporter -->
<testsuite hostname="Arjuns-MacBook-Air.local" failures="0" tests="1" name="testng.Robotkey" time="4.479" errors="0" timestamp="2023-10-27T18:01:26 IST" skipped="0">
  <testcase classname="testng.Robotkey" name="test" time="4.479"/>
  <system-out/>
</testsuite> <!-- testng.Robotkey -->
