<?xml version="1.0" encoding="UTF-8"?>
<!-- Generated by org.testng.reporters.JUnitReportReporter -->
<testsuite hostname="Arjuns-MacBook-Air.local" failures="0" tests="1" name="testng.Copypastebyactions" time="0.577" errors="0" timestamp="2023-10-25T12:10:33 IST" skipped="0">
  <testcase classname="testng.Copypastebyactions" name="test" time="0.577"/>
  <system-out/>
</testsuite> <!-- testng.Copypastebyactions -->
