<?xml version="1.0" encoding="UTF-8"?>
<!-- Generated by org.testng.reporters.JUnitReportReporter -->
<testsuite hostname="Arjuns-Air.domain.name" failures="0" tests="1" name="testng.TestNG" time="0.005" errors="0" timestamp="2023-10-18T15:03:59 IST" skipped="0">
  <testcase classname="testng.TestNG" name="test2" time="0.005"/>
  <system-out/>
</testsuite> <!-- testng.TestNG -->
