<?xml version="1.0" encoding="UTF-8"?>
<!-- Generated by org.testng.reporters.JUnitReportReporter -->
<testsuite hostname="Arjuns-MacBook-Air.local" failures="0" tests="1" name="testng.Robotclass" time="5.143" errors="0" timestamp="2023-10-28T11:10:36 IST" skipped="0">
  <testcase classname="testng.Robotclass" name="test" time="5.143"/>
  <system-out/>
</testsuite> <!-- testng.Robotclass -->
