<?xml version="1.0" encoding="UTF-8"?>
<!-- Generated by org.testng.reporters.JUnitReportReporter -->
<testsuite hostname="Arjuns-MacBook-Air.local" failures="0" tests="1" name="testng.Demoguru99" time="0.208" errors="0" timestamp="2023-10-25T15:25:02 IST" skipped="0">
  <testcase classname="testng.Demoguru99" name="test" time="0.208"/>
  <system-out/>
</testsuite> <!-- testng.Demoguru99 -->
