<?xml version="1.0" encoding="UTF-8"?>
<!-- Generated by org.testng.reporters.JUnitReportReporter -->
<testsuite hostname="Arjuns-Air.domain.name" failures="0" tests="1" name="testng.Amazon" time="6.761" errors="0" timestamp="2023-11-06T15:16:12 IST" skipped="0">
  <testcase classname="testng.Amazon" name="test" time="6.761"/>
  <system-out/>
</testsuite> <!-- testng.Amazon -->
