<?xml version="1.0" encoding="UTF-8"?>
<!-- Generated by org.testng.reporters.JUnitReportReporter -->
<testsuite hostname="Arjuns-MacBook-Air.local" failures="0" tests="1" name="testng.Fblogin" time="0.127" errors="0" timestamp="2023-10-23T21:27:26 IST" skipped="0">
  <testcase classname="testng.Fblogin" name="test" time="0.127"/>
  <system-out/>
</testsuite> <!-- testng.Fblogin -->
