<?xml version="1.0" encoding="UTF-8"?>
<!-- Generated by org.testng.reporters.JUnitReportReporter -->
<testsuite hostname="Arjuns-MacBook-Air.local" failures="0" tests="1" name="test.Fblogintest" time="29.090" errors="0" timestamp="2023-11-02T19:10:35 IST" skipped="0">
  <testcase classname="test.Fblogintest" name="testlogin" time="29.090"/>
  <system-out/>
</testsuite> <!-- test.Fblogintest -->
