<?xml version="1.0" encoding="UTF-8"?>
<!-- Generated by org.testng.reporters.JUnitReportReporter -->
<testsuite hostname="Arjuns-MacBook-Air.local" failures="0" tests="4" name="testng.Crossbrowser" time="5.880" errors="0" timestamp="2023-10-25T15:04:56 IST" skipped="0">
  <testcase classname="testng.Crossbrowser" name="test" time="1.000"/>
  <system-out/>
  <testcase classname="testng.Crossbrowser" name="test" time="1.677"/>
  <system-out/>
  <testcase classname="testng.Crossbrowser" name="setup" time="1.334"/>
  <system-out/>
  <testcase classname="testng.Crossbrowser" name="setup" time="1.869"/>
  <system-out/>
</testsuite> <!-- testng.Crossbrowser -->
