<?xml version="1.0" encoding="UTF-8"?>
<!-- Generated by org.testng.reporters.JUnitReportReporter -->
<testsuite hostname="Arjuns-MacBook-Air.local" failures="0" tests="1" name="testng.Parameters122" time="0.003" errors="0" timestamp="2023-10-23T20:48:43 IST" skipped="0">
  <testcase classname="testng.Parameters122" name="setup" time="0.003"/>
  <system-out/>
</testsuite> <!-- testng.Parameters122 -->
